#
# A fatal error has been detected by the Java Runtime Environment:
#
#  SIGBUS (0x7) at pc=0x00007f48cc364a32, pid=9998, tid=0x00007f4842ef4700
#
# JRE version: Java(TM) SE Runtime Environment (8.0_144-b01) (build 1.8.0_144-b01)
# Java VM: Java HotSpot(TM) 64-Bit Server VM (25.144-b01 mixed mode linux-amd64 compressed oops)
# Problematic frame:
# C  [libzip.so+0x11a32]  newEntry+0x62
#
# Failed to write core dump. Core dumps have been disabled. To enable core dumping, try "ulimit -c unlimited" before starting Java again
#
# If you would like to submit a bug report, please visit:
#   http://bugreport.java.com/bugreport/crash.jsp
# The crash happened outside the Java Virtual Machine in native code.
# See problematic frame for where to report the bug.
#

---------------  T H R E A D  ---------------

Current thread (0x00007f4820004800):  JavaThread "Thread-11" [_thread_in_native, id=11285, stack(0x00007f4842df4000,0x00007f4842ef5000)]

siginfo: si_signo: 7 (SIGBUS), si_code: 2 (BUS_ADRERR), si_addr: 0x00007f48a0a77d06

Registers:
RAX=0x00007f4818000ee0, RBX=0x00007f48c8235810, RCX=0x00007f4818000020, RDX=0x00007f4818000ee0
RSP=0x00007f4842ef1170, RBP=0x00007f4842ef11c0, RSI=0x00007f4818000f20, RDI=0x0000000000000000
R8 =0x0000000000000000, R9 =0x00007f4842ef1240, R10=0x00007f48b918f598, R11=0x00000000dab47ee8
R12=0x00007f48a0a77ce9, R13=0x00007f4818000ee0, R14=0x000000009ac6435b, R15=0x00007f48c824ebe0
RIP=0x00007f48cc364a32, EFLAGS=0x0000000000010202, CSGSFS=0x0000000000000033, ERR=0x0000000000000004
  TRAPNO=0x000000000000000e

Top of Stack: (sp=0x00007f4842ef1170)
0x00007f4842ef1170:   0000000000000000 0000000000000000
0x00007f4842ef1180:   00000001000007a8 00007f48cdfdd91e
0x00007f4842ef1190:   00007f4818000ee0 00007f48c8235810
0x00007f4842ef11a0:   00007f481c002d70 00007f48c824ebe0
0x00007f4842ef11b0:   000000009ac6435b 000000000000002b
0x00007f4842ef11c0:   00007f4842ef1220 00007f48cc36518f
0x00007f4842ef11d0:   00007f4820004800 0100000000000000
0x00007f4842ef11e0:   00007f4842ef1240 00007f4842ef126c
0x00007f4842ef11f0:   00007f4842ef126a 00007f4842ef1240
0x00007f4842ef1200:   000000000000002b 00007f48200049f8
0x00007f4842ef1210:   00007f4842ef1698 0000000000000001
0x00007f4842ef1220:   00007f4842ef1680 00007f48cc356ec0
0x00007f4842ef1230:   0000000000000000 00007f48c824ebe0
0x00007f4842ef1240:   696c63652f67726f 7474656a2f657370
0x00007f4842ef1250:   462f6c6974752f79 6c61436572757475
0x00007f4842ef1260:   6c632e6b6361626c 0000000000737361
0x00007f4842ef1270:   00000000a36fedb0 0000000000000000
0x00007f4842ef1280:   0000000000000000 000000009882c658
0x00007f4842ef1290:   000000009882c638 0000000000000000
0x00007f4842ef12a0:   0000000000000000 0000000000000000
0x00007f4842ef12b0:   0000000000000000 0000000000000000
0x00007f4842ef12c0:   0000000000000000 000000004322d950
0x00007f4842ef12d0:   0000000000000000 0000000000000000
0x00007f4842ef12e0:   0000000000000000 00000000989658a8
0x00007f4842ef12f0:   0000000000000000 0000000000000000
0x00007f4842ef1300:   0000000098909140 0000000000000000
0x00007f4842ef1310:   0000000000000000 0000000000000000
0x00007f4842ef1320:   0000000000000000 0000000000000000
0x00007f4842ef1330:   0000000000000000 0000000000000000
0x00007f4842ef1340:   000000004322bf40 0000000000000000
0x00007f4842ef1350:   0000000000000000 000000004323dde0
0x00007f4842ef1360:   000000004323ddc0 0000000000000000 

Instructions: (pc=0x00007f48cc364a32)
0x00007f48cc364a12:   00 48 c7 40 28 00 00 00 00 41 80 7f 30 00 0f 84
0x00007f48cc364a22:   8a 02 00 00 4c 8b 63 08 4d 2b 67 28 4d 03 67 18
0x00007f48cc364a32:   41 0f b6 5c 24 1d 41 0f b6 44 24 1c c1 e3 08 09
0x00007f48cc364a42:   c3 41 0f b6 44 24 1e 88 45 bd 41 0f b6 54 24 20 

Register to memory mapping:

RAX=0x00007f4818000ee0 is an unknown value
RBX=0x00007f48c8235810 is an unknown value
RCX=0x00007f4818000020 is an unknown value
RDX=0x00007f4818000ee0 is an unknown value
RSP=0x00007f4842ef1170 is pointing into the stack for thread: 0x00007f4820004800
RBP=0x00007f4842ef11c0 is pointing into the stack for thread: 0x00007f4820004800
RSI=0x00007f4818000f20 is an unknown value
RDI=0x0000000000000000 is an unknown value
R8 =0x0000000000000000 is an unknown value
R9 =0x00007f4842ef1240 is pointing into the stack for thread: 0x00007f4820004800
R10=0x00007f48b918f598 is at entry_point+88 in (nmethod*)0x00007f48b918f3d0
R11=0x00000000dab47ee8 is an oop
